Start!
Found camera with serial 811112060158
 02/11 10:45:49,425 ERROR [139802187793664] (tm-context.cpp:34) Failed to create TrackingManager
 02/11 10:45:49,431 ERROR [139802187793664] (tm-context.cpp:34) Failed to create TrackingManager
Found camera with serial 811112060176
 02/11 10:45:49,486 ERROR [139802187793664] (tm-context.cpp:34) Failed to create TrackingManager
 02/11 10:45:49,492 ERROR [139802187793664] (tm-context.cpp:34) Failed to create TrackingManager
811112060158 0 1541151949582
811112060176 0 1541151949671

811112060158 8 1541151949671
811112060176 1 1541151949682

811112060158 9 1541151949682
811112060176 2 1541151949693

811112060158 10 1541151949693
811112060176 3 1541151949705

811112060158 11 1541151949705
811112060176 4 1541151949716

811112060158 12 1541151949716
811112060176 5 1541151949727

811112060158 13 1541151949727
811112060176 6 1541151949738

811112060158 14 1541151949738
811112060176 7 1541151949750

811112060158 15 1541151949750
811112060176 8 1541151949761

811112060158 16 1541151949760
811112060176 9 1541151949771

811112060158 17 1541151949771
811112060176 10 1541151949782

811112060158 18 1541151949782
811112060176 11 1541151949793

811112060158 19 1541151949793
811112060176 12 1541151949805

811112060158 20 1541151949804
811112060176 13 1541151949816

811112060158 21 1541151949816
811112060176 14 1541151949827

811112060158 22 1541151949827
811112060176 15 1541151949838

811112060158 23 1541151949838
811112060176 16 1541151949849

811112060158 24 1541151949850
811112060176 17 1541151949861

811112060158 25 1541151949861
811112060176 18 1541151949872

811112060158 26 1541151949872
811112060176 19 1541151949882

811112060158 27 1541151949882
811112060176 20 1541151949893

811112060158 28 1541151949893
811112060176 21 1541151949904

811112060158 29 1541151949904
811112060176 22 1541151949916

811112060158 30 1541151949916
811112060176 23 1541151949927

811112060158 31 1541151949927
811112060176 24 1541151949938

811112060158 32 1541151949938
811112060176 25 1541151949949

811112060158 33 1541151949949
811112060176 26 1541151949960

811112060158 34 1541151949961
811112060176 27 1541151949972

811112060158 35 1541151949972
811112060176 28 1541151949982

811112060158 36 1541151949983
811112060176 29 1541151949993

811112060158 37 1541151949993
811112060176 30 1541151950004

811112060158 38 1541151950004
811112060176 31 1541151950016

811112060158 39 1541151950015
811112060176 32 1541151950027

811112060158 40 1541151950027
811112060176 33 1541151950038

811112060158 41 1541151950038
811112060176 34 1541151950049

811112060158 42 1541151950049
811112060176 35 1541151950060

811112060158 43 1541151950060
811112060176 36 1541151950072

811112060158 44 1541151950072
811112060176 37 1541151950083

811112060158 45 1541151950083
811112060176 38 1541151950093

811112060158 46 1541151950094
811112060176 39 1541151950104

811112060158 47 1541151950104
811112060176 40 1541151950115

811112060158 48 1541151950115
811112060176 41 1541151950127

811112060158 49 1541151950127
811112060176 42 1541151950138

811112060158 50 1541151950138
811112060176 43 1541151950149

811112060158 51 1541151950149
811112060176 44 1541151950160

811112060158 52 1541151950160
811112060176 45 1541151950171

811112060158 53 1541151950172
811112060176 46 1541151950183

811112060158 54 1541151950183
811112060176 47 1541151950193

811112060158 55 1541151950194
811112060176 48 1541151950204

811112060158 56 1541151950204
811112060176 49 1541151950215

811112060158 57 1541151950215
811112060176 50 1541151950227

811112060158 58 1541151950227
811112060176 51 1541151950238

811112060158 59 1541151950238
811112060176 52 1541151950249

811112060158 60 1541151950249
811112060176 53 1541151950261

811112060158 61 1541151950260
811112060176 54 1541151950272

811112060158 62 1541151950272
811112060176 55 1541151950283

811112060158 63 1541151950283
811112060176 56 1541151950293

811112060158 64 1541151950294
811112060176 57 1541151950304

811112060158 65 1541151950304
811112060176 58 1541151950315

811112060158 66 1541151950315
811112060176 59 1541151950326

811112060158 67 1541151950326
811112060176 60 1541151950338

811112060158 68 1541151950338
811112060176 61 1541151950349

811112060158 69 1541151950349
811112060176 62 1541151950360

811112060158 70 1541151950360
811112060176 63 1541151950371

811112060158 71 1541151950371
811112060176 64 1541151950383

811112060158 72 1541151950383
811112060176 65 1541151950394

811112060158 73 1541151950394
811112060176 66 1541151950404

811112060158 74 1541151950404
811112060176 67 1541151950415

811112060158 75 1541151950415
811112060176 68 1541151950426

811112060158 76 1541151950426
811112060176 69 1541151950438

811112060158 77 1541151950438
811112060176 70 1541151950449

811112060158 78 1541151950449
811112060176 71 1541151950460

811112060158 79 1541151950460
811112060176 72 1541151950471

811112060158 80 1541151950471
811112060176 73 1541151950483

811112060158 81 1541151950483
811112060176 74 1541151950494

811112060158 82 1541151950494
811112060176 75 1541151950505

811112060158 83 1541151950505
811112060176 76 1541151950515

811112060158 84 1541151950515
811112060176 77 1541151950526

811112060158 85 1541151950526
811112060176 78 1541151950538

811112060158 86 1541151950537
811112060176 79 1541151950549

811112060158 87 1541151950549
811112060176 80 1541151950560

811112060158 88 1541151950560
811112060176 81 1541151950572

811112060158 89 1541151950571
811112060176 82 1541151950583

811112060158 90 1541151950582
811112060176 83 1541151950594

811112060158 91 1541151950594
811112060176 84 1541151950604

811112060158 92 1541151950605
811112060176 85 1541151950615

811112060158 93 1541151950615
811112060176 86 1541151950626

811112060158 94 1541151950626
811112060176 87 1541151950637

811112060158 95 1541151950637
811112060176 88 1541151950649

811112060158 96 1541151950649
811112060176 89 1541151950660

811112060158 97 1541151950660
811112060176 90 1541151950671

811112060158 98 1541151950671
811112060176 91 1541151950682

811112060158 99 1541151950682
811112060176 92 1541151950694

811112060158 100 1541151950694
811112060176 93 1541151950705

811112060158 101 1541151950705
811112060176 94 1541151950715

811112060158 102 1541151950715
811112060176 95 1541151950726

811112060158 103 1541151950726
811112060176 96 1541151950737

811112060158 104 1541151950737
811112060176 97 1541151950749

811112060158 105 1541151950748
811112060176 98 1541151950760

811112060158 106 1541151950760
811112060176 99 1541151950771

811112060158 107 1541151950771
811112060176 100 1541151950782

811112060158 108 1541151950782
811112060176 101 1541151950794

811112060158 109 1541151950793
811112060176 102 1541151950805

811112060158 110 1541151950805
811112060176 103 1541151950816

811112060158 111 1541151950816
811112060176 104 1541151950826

811112060158 112 1541151950826
811112060176 105 1541151950837

811112060158 113 1541151950837
811112060176 106 1541151950848

811112060158 114 1541151950848
811112060176 107 1541151950860

811112060158 115 1541151950860
811112060176 108 1541151950871

811112060158 116 1541151950871
811112060176 109 1541151950882

811112060158 117 1541151950882
811112060176 110 1541151950894

811112060158 118 1541151950894
811112060176 111 1541151950905

811112060158 119 1541151950905
811112060176 112 1541151950916

811112060158 120 1541151950916
811112060176 113 1541151950926

811112060158 121 1541151950927
811112060176 114 1541151950937

811112060158 122 1541151950937
811112060176 115 1541151950948

811112060158 123 1541151950948
811112060176 116 1541151950960

811112060158 124 1541151950960
811112060176 117 1541151950971

811112060158 125 1541151950971
811112060176 118 1541151950982

811112060158 126 1541151950982
811112060176 119 1541151950993

811112060158 127 1541151950993
811112060176 120 1541151951005

811112060158 128 1541151951005
811112060176 121 1541151951016

811112060158 129 1541151951016
811112060176 122 1541151951027

811112060158 130 1541151951026
811112060176 123 1541151951037

811112060158 131 1541151951037
811112060176 124 1541151951048

811112060158 132 1541151951048
811112060176 125 1541151951060

811112060158 133 1541151951059
811112060176 126 1541151951071

811112060158 134 1541151951071
811112060176 127 1541151951082

811112060158 135 1541151951082
811112060176 128 1541151951093

811112060158 136 1541151951093
811112060176 129 1541151951104

811112060158 137 1541151951104
811112060176 130 1541151951116

811112060158 138 1541151951116
811112060176 131 1541151951126

811112060158 139 1541151951127
811112060176 132 1541151951137

811112060158 140 1541151951137
811112060176 133 1541151951148

811112060158 141 1541151951148
811112060176 134 1541151951160

811112060158 142 1541151951159
811112060176 135 1541151951171

811112060158 143 1541151951171
811112060176 136 1541151951182

811112060158 144 1541151951182
811112060176 137 1541151951193

811112060158 145 1541151951193
811112060176 138 1541151951204

811112060158 146 1541151951205
811112060176 139 1541151951216

811112060158 147 1541151951216
811112060176 140 1541151951226

811112060158 148 1541151951227
811112060176 141 1541151951237

811112060158 149 1541151951237
811112060176 142 1541151951248

811112060158 150 1541151951248
811112060176 143 1541151951259

811112060158 151 1541151951259
811112060176 144 1541151951271

811112060158 152 1541151951270
811112060176 145 1541151951282

811112060158 153 1541151951282
811112060176 146 1541151951293

811112060158 154 1541151951293
811112060176 147 1541151951304

811112060158 155 1541151951304
811112060176 148 1541151951315

811112060158 156 1541151951315
811112060176 149 1541151951327

811112060158 157 1541151951327
811112060176 150 1541151951338

811112060158 158 1541151951338
811112060176 151 1541151951348

811112060158 159 1541151951348
811112060176 152 1541151951359

811112060158 160 1541151951359
811112060176 153 1541151951370

811112060158 161 1541151951370
811112060176 154 1541151951382

811112060158 162 1541151951382
811112060176 155 1541151951393

811112060158 163 1541151951393
811112060176 156 1541151951404

811112060158 164 1541151951404
811112060176 157 1541151951416

811112060158 165 1541151951415
811112060176 158 1541151951427

811112060158 166 1541151951427
811112060176 159 1541151951438

811112060158 167 1541151951438
811112060176 160 1541151951448

811112060158 168 1541151951449
811112060176 161 1541151951459

811112060158 169 1541151951459
811112060176 162 1541151951470

811112060158 170 1541151951470
811112060176 163 1541151951482

811112060158 171 1541151951482
811112060176 164 1541151951493

811112060158 172 1541151951493
811112060176 165 1541151951504

811112060158 173 1541151951504
811112060176 166 1541151951515

811112060158 174 1541151951515
811112060176 167 1541151951527

811112060158 175 1541151951526
811112060176 168 1541151951538

811112060158 176 1541151951538
811112060176 169 1541151951548

811112060158 177 1541151951548
811112060176 170 1541151951559

811112060158 178 1541151951559
811112060176 171 1541151951570

811112060158 179 1541151951570
811112060176 172 1541151951582

811112060158 180 1541151951581
811112060176 173 1541151951593

811112060158 181 1541151951593
811112060176 174 1541151951604

811112060158 182 1541151951604
811112060176 175 1541151951615

811112060158 183 1541151951615
811112060176 176 1541151951626

811112060158 184 1541151951627
811112060176 177 1541151951638

811112060158 185 1541151951638
811112060176 178 1541151951648

811112060158 186 1541151951649
811112060176 179 1541151951659

811112060158 187 1541151951660
811112060176 180 1541151951670

811112060158 188 1541151951670
811112060176 181 1541151951681

811112060158 189 1541151951681
811112060176 182 1541151951693

811112060158 190 1541151951693
811112060176 183 1541151951704

811112060158 191 1541151951704
811112060176 184 1541151951715

811112060158 192 1541151951715
811112060176 185 1541151951727

811112060158 193 1541151951726
811112060176 186 1541151951738

811112060158 194 1541151951738
811112060176 187 1541151951749

811112060158 195 1541151951749
811112060176 188 1541151951760

811112060158 196 1541151951759
811112060176 189 1541151951770

811112060158 197 1541151951770
811112060176 190 1541151951781

811112060158 198 1541151951781
811112060176 191 1541151951793

811112060158 199 1541151951792
811112060176 192 1541151951804

811112060158 200 1541151951804
811112060176 193 1541151951815

811112060158 201 1541151951815
811112060176 194 1541151951826

811112060158 202 1541151951826
811112060176 195 1541151951837

811112060158 203 1541151951838
811112060176 196 1541151951849

811112060158 204 1541151951849
811112060176 197 1541151951860

811112060158 205 1541151951860
811112060176 198 1541151951870

811112060158 206 1541151951870
811112060176 199 1541151951881

811112060158 207 1541151951881
811112060176 200 1541151951892

811112060158 208 1541151951892
811112060176 201 1541151951904

811112060158 209 1541151951904
811112060176 202 1541151951915

811112060158 210 1541151951915
811112060176 203 1541151951926

811112060158 211 1541151951926
811112060176 204 1541151951937

811112060158 212 1541151951938
811112060176 205 1541151951949

811112060158 213 1541151951949
811112060176 206 1541151951960

811112060158 214 1541151951960
811112060176 207 1541151951970

811112060158 215 1541151951970
811112060176 208 1541151951981

811112060158 216 1541151951981
811112060176 209 1541151951992

811112060158 217 1541151951992
811112060176 210 1541151952004

811112060158 218 1541151952004
811112060176 211 1541151952015

811112060158 219 1541151952015
811112060176 212 1541151952026

811112060158 220 1541151952026
811112060176 213 1541151952037

811112060158 221 1541151952037
811112060176 214 1541151952049

811112060158 222 1541151952048
811112060176 215 1541151952060

811112060158 223 1541151952060
811112060176 216 1541151952070

811112060158 224 1541151952071
811112060176 217 1541151952081

811112060158 225 1541151952081
811112060176 218 1541151952092

811112060158 226 1541151952092
811112060176 219 1541151952103

811112060158 227 1541151952103
811112060176 220 1541151952115

811112060158 228 1541151952115
811112060176 221 1541151952126

811112060158 229 1541151952126
811112060176 222 1541151952137

811112060158 230 1541151952137
811112060176 223 1541151952148

811112060158 231 1541151952148
811112060176 224 1541151952160

811112060158 232 1541151952159
811112060176 225 1541151952170

811112060158 233 1541151952171
811112060176 226 1541151952181

811112060158 234 1541151952182
811112060176 227 1541151952192

811112060158 235 1541151952192
811112060176 228 1541151952203

811112060158 236 1541151952203
811112060176 229 1541151952215

811112060158 237 1541151952215
811112060176 230 1541151952226

811112060158 238 1541151952226
811112060176 231 1541151952237

811112060158 239 1541151952237
811112060176 232 1541151952248

811112060158 240 1541151952248
811112060176 233 1541151952260

811112060158 241 1541151952260
811112060176 234 1541151952271

811112060158 242 1541151952271
811112060176 235 1541151952282

811112060158 243 1541151952282
811112060176 236 1541151952292

811112060158 244 1541151952292
811112060176 237 1541151952303

811112060158 245 1541151952303
811112060176 238 1541151952315

811112060158 246 1541151952314
811112060176 239 1541151952326

811112060158 247 1541151952326
811112060176 240 1541151952337

811112060158 248 1541151952337
811112060176 241 1541151952348

811112060158 249 1541151952348
811112060176 242 1541151952360

811112060158 250 1541151952359
811112060176 243 1541151952371

811112060158 251 1541151952371
811112060176 244 1541151952382

811112060158 252 1541151952382
811112060176 245 1541151952392

811112060158 253 1541151952392
811112060176 246 1541151952403

811112060158 254 1541151952403
811112060176 247 1541151952414

811112060158 255 1541151952414
811112060176 248 1541151952426

811112060158 256 1541151952426
811112060176 249 1541151952437

811112060158 257 1541151952437
811112060176 250 1541151952448

811112060158 258 1541151952448
811112060176 251 1541151952460

811112060158 259 1541151952459
811112060176 252 1541151952471

811112060158 260 1541151952470
811112060176 253 1541151952482

811112060158 261 1541151952482
811112060176 254 1541151952493

811112060158 262 1541151952492
811112060176 255 1541151952503

811112060158 263 1541151952503
811112060176 256 1541151952514

811112060158 264 1541151952514
811112060176 257 1541151952526

811112060158 265 1541151952525
811112060176 258 1541151952537

811112060158 266 1541151952537
811112060176 259 1541151952548

811112060158 267 1541151952548
811112060176 260 1541151952559

811112060158 268 1541151952559
811112060176 261 1541151952571

811112060158 269 1541151952571
811112060176 262 1541151952582

811112060158 270 1541151952582
811112060176 263 1541151952593

811112060158 271 1541151952593
811112060176 264 1541151952603

811112060158 272 1541151952603
811112060176 265 1541151952614

811112060158 273 1541151952614
811112060176 266 1541151952625

811112060158 274 1541151952625
811112060176 267 1541151952637

811112060158 275 1541151952637
811112060176 268 1541151952648

811112060158 276 1541151952648
811112060176 269 1541151952659

811112060158 277 1541151952659
811112060176 270 1541151952670

811112060158 278 1541151952670
811112060176 271 1541151952682

811112060158 279 1541151952681
811112060176 272 1541151952693

811112060158 280 1541151952693
811112060176 273 1541151952703

811112060158 281 1541151952703
811112060176 274 1541151952714

811112060158 282 1541151952714
811112060176 275 1541151952725

811112060158 283 1541151952725
811112060176 276 1541151952737

811112060158 284 1541151952737
811112060176 277 1541151952748

811112060158 285 1541151952748
811112060176 278 1541151952759

811112060158 286 1541151952759
811112060176 279 1541151952770

811112060158 287 1541151952770
811112060176 280 1541151952782

811112060158 288 1541151952782
811112060176 281 1541151952792

811112060158 289 1541151952793
811112060176 282 1541151952803

811112060158 290 1541151952803
811112060176 283 1541151952814

811112060158 291 1541151952814
811112060176 284 1541151952825

811112060158 292 1541151952825
811112060176 285 1541151952837

811112060158 293 1541151952836
811112060176 286 1541151952848
