Start!
 02/11 13:47:15,879 ERROR [12452] (win-helpers.cpp:492) CreateFile failed
 02/11 13:47:15,882 ERROR [12452] (win-helpers.cpp:538) could not find camera in windows device tree
 02/11 13:47:16,019 ERROR [12452] (win-helpers.cpp:492) CreateFile failed
 02/11 13:47:16,022 ERROR [12452] (win-helpers.cpp:538) could not find camera in windows device tree
Found camera with serial 811112060158
 02/11 13:47:16,034 ERROR [12452] (win-helpers.cpp:492) CreateFile failed
 02/11 13:47:16,036 ERROR [12452] (win-helpers.cpp:538) could not find camera in windows device tree
 02/11 13:47:16,115 ERROR [12452] (win-helpers.cpp:492) CreateFile failed
 02/11 13:47:16,117 ERROR [12452] (win-helpers.cpp:538) could not find camera in windows device tree
 02/11 13:47:16,248 ERROR [12452] (win-helpers.cpp:492) CreateFile failed
 02/11 13:47:16,250 ERROR [12452] (win-helpers.cpp:538) could not find camera in windows device tree
 02/11 13:47:16,370 ERROR [12452] (win-helpers.cpp:492) CreateFile failed
 02/11 13:47:16,372 ERROR [12452] (win-helpers.cpp:538) could not find camera in windows device tree
Found camera with serial 811112060176
 02/11 13:47:16,384 ERROR [12452] (win-helpers.cpp:492) CreateFile failed
 02/11 13:47:16,386 ERROR [12452] (win-helpers.cpp:538) could not find camera in windows device tree
 02/11 13:47:16,440 ERROR [12452] (win-helpers.cpp:492) CreateFile failed
 02/11 13:47:16,442 ERROR [12452] (win-helpers.cpp:538) could not find camera in windows device tree
 02/11 13:47:16,451 ERROR [12452] (win-helpers.cpp:492) CreateFile failed
 02/11 13:47:16,453 ERROR [12452] (win-helpers.cpp:538) could not find camera in windows device tree
 02/11 13:47:16,529 ERROR [12452] (win-helpers.cpp:492) CreateFile failed
 02/11 13:47:16,531 ERROR [12452] (win-helpers.cpp:538) could not find camera in windows device tree
811112060158 30 1541162836640
811112060176 1 1541162836740

811112060158 39 1541162836740
811112060176 2 1541162836751

811112060158 40 1541162836751
811112060176 3 1541162836761

811112060158 41 1541162836761
811112060176 4 1541162836773

811112060158 42 1541162836772
811112060176 5 1541162836783

811112060158 43 1541162836783
811112060176 6 1541162836795

811112060158 44 1541162836794
811112060176 7 1541162836806

811112060158 45 1541162836806
811112060176 8 1541162836818

811112060158 46 1541162836818
811112060176 9 1541162836829

811112060158 47 1541162836829
811112060176 10 1541162836840

811112060158 48 1541162836840
811112060176 11 1541162836850

811112060158 49 1541162836850
811112060176 12 1541162836861

811112060158 50 1541162836861
811112060176 13 1541162836873

811112060158 51 1541162836872
811112060176 14 1541162836883

811112060158 52 1541162836883
811112060176 15 1541162836895

811112060158 53 1541162836895
811112060176 16 1541162836906

811112060158 54 1541162836906
811112060176 17 1541162836918

811112060158 55 1541162836918
811112060176 18 1541162836929

811112060158 56 1541162836929
811112060176 19 1541162836940

811112060158 57 1541162836940
811112060176 20 1541162836950

811112060158 58 1541162836950
811112060176 21 1541162836962

811112060158 59 1541162836962
811112060176 22 1541162836973

811112060158 60 1541162836972
811112060176 23 1541162836983

811112060158 61 1541162836983
811112060176 24 1541162836995

811112060158 62 1541162836994
811112060176 25 1541162837006

811112060158 63 1541162837006
811112060176 26 1541162837018

811112060158 64 1541162837018
811112060176 27 1541162837028

811112060158 65 1541162837028
811112060176 28 1541162837040

811112060158 66 1541162837040
811112060176 29 1541162837051

811112060158 67 1541162837051
811112060176 30 1541162837062

811112060158 68 1541162837062
811112060176 31 1541162837073

811112060158 69 1541162837072
811112060176 32 1541162837083

811112060158 70 1541162837083
811112060176 33 1541162837095

811112060158 71 1541162837095
811112060176 34 1541162837105

811112060158 72 1541162837105
811112060176 35 1541162837118

811112060158 73 1541162837118
811112060176 36 1541162837128

811112060158 74 1541162837128
811112060176 37 1541162837139

811112060158 75 1541162837139
811112060176 38 1541162837151

811112060158 76 1541162837151
811112060176 39 1541162837162

811112060158 77 1541162837162
811112060176 40 1541162837173

811112060158 78 1541162837173
811112060176 41 1541162837183

811112060158 79 1541162837183
811112060176 42 1541162837195

811112060158 80 1541162837195
811112060176 43 1541162837206

811112060158 81 1541162837206
811112060176 44 1541162837218

811112060158 82 1541162837218
811112060176 45 1541162837228

811112060158 83 1541162837228
811112060176 46 1541162837240

811112060158 84 1541162837240
811112060176 47 1541162837250

811112060158 85 1541162837250
811112060176 48 1541162837262

811112060158 86 1541162837262
811112060176 49 1541162837272

811112060158 87 1541162837273
811112060176 50 1541162837283

811112060158 88 1541162837283
811112060176 51 1541162837295

811112060158 89 1541162837295
811112060176 52 1541162837306

811112060158 90 1541162837306
811112060176 53 1541162837318

811112060158 91 1541162837318
811112060176 54 1541162837328

811112060158 92 1541162837328
811112060176 55 1541162837340

811112060158 93 1541162837340
811112060176 56 1541162837350

811112060158 94 1541162837350
811112060176 57 1541162837362

811112060158 95 1541162837362
811112060176 58 1541162837373

811112060158 96 1541162837373
811112060176 59 1541162837384

811112060158 97 1541162837384
811112060176 60 1541162837394

811112060158 98 1541162837394
811112060176 61 1541162837405

811112060158 99 1541162837405
811112060176 62 1541162837418

811112060158 100 1541162837417
811112060176 63 1541162837428

811112060158 101 1541162837428
811112060176 64 1541162837440

811112060158 102 1541162837440
811112060176 65 1541162837451

811112060158 103 1541162837450
811112060176 66 1541162837462

811112060158 104 1541162837462
811112060176 67 1541162837473

811112060158 105 1541162837473
811112060176 68 1541162837483

811112060158 106 1541162837483
811112060176 69 1541162837494

811112060158 107 1541162837494
811112060176 70 1541162837505

811112060158 108 1541162837505
811112060176 71 1541162837517

811112060158 109 1541162837518
811112060176 72 1541162837528

811112060158 110 1541162837528
811112060176 73 1541162837540

811112060158 111 1541162837540
811112060176 74 1541162837551

811112060158 112 1541162837550
811112060176 75 1541162837562

811112060158 113 1541162837562
811112060176 76 1541162837573

811112060158 114 1541162837573
811112060176 77 1541162837584

811112060158 115 1541162837584
811112060176 78 1541162837594

811112060158 116 1541162837594
811112060176 79 1541162837605

811112060158 117 1541162837605
811112060176 80 1541162837616

811112060158 118 1541162837616
811112060176 81 1541162837628

811112060158 119 1541162837628
811112060176 82 1541162837640

811112060158 120 1541162837640
811112060176 83 1541162837651

811112060158 121 1541162837650
811112060176 84 1541162837662

811112060158 122 1541162837662
811112060176 85 1541162837673

811112060158 123 1541162837673
811112060176 86 1541162837684

811112060158 124 1541162837684
811112060176 87 1541162837695

811112060158 125 1541162837695
811112060176 88 1541162837705

811112060158 126 1541162837705
811112060176 89 1541162837716

811112060158 127 1541162837716
811112060176 90 1541162837727

811112060158 128 1541162837727
811112060176 91 1541162837740

811112060158 129 1541162837740
811112060176 92 1541162837751

811112060158 130 1541162837750
811112060176 93 1541162837762

811112060158 131 1541162837762
811112060176 94 1541162837773

811112060158 132 1541162837773
811112060176 95 1541162837784

811112060158 133 1541162837784
811112060176 96 1541162837794

811112060158 134 1541162837794
811112060176 97 1541162837805

811112060158 135 1541162837805
811112060176 98 1541162837816

811112060158 136 1541162837816
811112060176 99 1541162837827

811112060158 137 1541162837827
811112060176 100 1541162837839

811112060158 138 1541162837839
811112060176 101 1541162837851

811112060158 139 1541162837850
811112060176 102 1541162837862

811112060158 140 1541162837862
811112060176 103 1541162837873

811112060158 141 1541162837873
811112060176 104 1541162837884

811112060158 142 1541162837884
811112060176 105 1541162837895

811112060158 143 1541162837895
811112060176 106 1541162837906

811112060158 144 1541162837906
811112060176 107 1541162837916

811112060158 145 1541162837916
811112060176 108 1541162837928

811112060158 146 1541162837927
811112060176 109 1541162837939

811112060158 147 1541162837939
811112060176 110 1541162837951

811112060158 148 1541162837950
811112060176 111 1541162837962

811112060158 149 1541162837962
811112060176 112 1541162837973

811112060158 150 1541162837973
811112060176 113 1541162837984

811112060158 151 1541162837984
811112060176 114 1541162837995

811112060158 152 1541162837995
811112060176 115 1541162838006

811112060158 153 1541162838006
811112060176 116 1541162838016

811112060158 154 1541162838016
811112060176 117 1541162838028

811112060158 155 1541162838027
811112060176 118 1541162838038

811112060158 156 1541162838038
811112060176 119 1541162838051

811112060158 157 1541162838050
811112060176 120 1541162838061

811112060158 158 1541162838061
811112060176 121 1541162838073

811112060158 159 1541162838073
811112060176 122 1541162838084

811112060158 160 1541162838084
811112060176 123 1541162838095

811112060158 161 1541162838095
811112060176 124 1541162838106

811112060158 162 1541162838106
811112060176 125 1541162838116

811112060158 163 1541162838116
811112060176 126 1541162838128

811112060158 164 1541162838127
811112060176 127 1541162838138

811112060158 165 1541162838138
811112060176 128 1541162838150

811112060158 166 1541162838150
811112060176 129 1541162838161

811112060158 167 1541162838161
811112060176 130 1541162838173

811112060158 168 1541162838173
811112060176 131 1541162838184

811112060158 169 1541162838184
811112060176 132 1541162838195

811112060158 170 1541162838195
811112060176 133 1541162838206

811112060158 171 1541162838206
811112060176 134 1541162838217

811112060158 172 1541162838217
811112060176 135 1541162838228

811112060158 173 1541162838227
811112060176 136 1541162838238

811112060158 174 1541162838238
811112060176 137 1541162838250

811112060158 175 1541162838249
811112060176 138 1541162838261

811112060158 176 1541162838261
811112060176 139 1541162838273

811112060158 177 1541162838273
811112060176 140 1541162838283

811112060158 178 1541162838283
811112060176 141 1541162838295

811112060158 179 1541162838295
811112060176 142 1541162838306

811112060158 180 1541162838306
811112060176 143 1541162838317

811112060158 181 1541162838317
811112060176 144 1541162838328

811112060158 182 1541162838327
811112060176 145 1541162838338

811112060158 183 1541162838338
811112060176 146 1541162838350

811112060158 184 1541162838350
811112060176 147 1541162838361

811112060158 185 1541162838361
811112060176 148 1541162838373

811112060158 186 1541162838373
811112060176 149 1541162838383

811112060158 187 1541162838383
811112060176 150 1541162838395

811112060158 188 1541162838395
811112060176 151 1541162838406

811112060158 189 1541162838406
811112060176 152 1541162838417

811112060158 190 1541162838417
811112060176 153 1541162838427

811112060158 191 1541162838427
811112060176 154 1541162838438

811112060158 192 1541162838438
811112060176 155 1541162838450

811112060158 193 1541162838450
811112060176 156 1541162838460

811112060158 194 1541162838460
811112060176 157 1541162838473

811112060158 195 1541162838473
811112060176 158 1541162838483

811112060158 196 1541162838483
811112060176 159 1541162838495

811112060158 197 1541162838495
811112060176 160 1541162838506

811112060158 198 1541162838505
811112060176 161 1541162838517

811112060158 199 1541162838517
811112060176 162 1541162838528

811112060158 200 1541162838528
811112060176 163 1541162838539

811112060158 201 1541162838539
811112060176 164 1541162838550

811112060158 202 1541162838550
811112060176 165 1541162838560

811112060158 203 1541162838560
811112060176 166 1541162838573

811112060158 204 1541162838572
811112060176 167 1541162838583

811112060158 205 1541162838583
811112060176 168 1541162838595

811112060158 206 1541162838595
811112060176 169 1541162838606

811112060158 207 1541162838605
811112060176 170 1541162838617

811112060158 208 1541162838617
811112060176 171 1541162838628

811112060158 209 1541162838628
811112060176 172 1541162838638

811112060158 210 1541162838638
811112060176 173 1541162838649

811112060158 211 1541162838649
811112060176 174 1541162838660

811112060158 212 1541162838660
811112060176 175 1541162838672

811112060158 213 1541162838672
811112060176 176 1541162838683

811112060158 214 1541162838683
811112060176 177 1541162838695

811112060158 215 1541162838695
811112060176 178 1541162838706

811112060158 216 1541162838705
811112060176 179 1541162838717

811112060158 217 1541162838717
811112060176 180 1541162838728

811112060158 218 1541162838728
811112060176 181 1541162838739

811112060158 219 1541162838739
811112060176 182 1541162838749

811112060158 220 1541162838749
811112060176 183 1541162838760

811112060158 221 1541162838760
811112060176 184 1541162838772

811112060158 222 1541162838772
811112060176 185 1541162838783

811112060158 223 1541162838782
811112060176 186 1541162838795

811112060158 224 1541162838795
811112060176 187 1541162838805

811112060158 225 1541162838805
811112060176 188 1541162838817

811112060158 226 1541162838817
811112060176 189 1541162838828

811112060158 227 1541162838828
811112060176 190 1541162838839

811112060158 228 1541162838839
811112060176 191 1541162838849

811112060158 229 1541162838850
811112060176 192 1541162838860

811112060158 230 1541162838860
811112060176 193 1541162838872

811112060158 231 1541162838872
811112060176 194 1541162838882

811112060158 232 1541162838882
811112060176 195 1541162838895

811112060158 233 1541162838895
811112060176 196 1541162838906

811112060158 234 1541162838905
811112060176 197 1541162838917

811112060158 235 1541162838917
811112060176 198 1541162838928

811112060158 236 1541162838928
811112060176 199 1541162838939

811112060158 237 1541162838939
811112060176 200 1541162838950

811112060158 238 1541162838950
811112060176 201 1541162838960

811112060158 239 1541162838960
811112060176 202 1541162838971

811112060158 240 1541162838971
811112060176 203 1541162838982

811112060158 241 1541162838982
811112060176 204 1541162838995

811112060158 242 1541162838994
811112060176 205 1541162839006

811112060158 243 1541162839005
811112060176 206 1541162839017

811112060158 244 1541162839017
811112060176 207 1541162839028

811112060158 245 1541162839028
811112060176 208 1541162839039

811112060158 246 1541162839039
811112060176 209 1541162839050

811112060158 247 1541162839050
811112060176 210 1541162839060

811112060158 248 1541162839060
811112060176 211 1541162839071

811112060158 249 1541162839071
811112060176 212 1541162839082

811112060158 250 1541162839082
811112060176 213 1541162839095

811112060158 251 1541162839094
811112060176 214 1541162839106

811112060158 252 1541162839105
811112060176 215 1541162839117

811112060158 253 1541162839117
811112060176 216 1541162839128

811112060158 254 1541162839128
811112060176 217 1541162839139

811112060158 255 1541162839139
811112060176 218 1541162839150

811112060158 256 1541162839150
811112060176 219 1541162839161

811112060158 257 1541162839161
811112060176 220 1541162839171

811112060158 258 1541162839171
811112060176 221 1541162839182

811112060158 259 1541162839182
811112060176 222 1541162839194

811112060158 260 1541162839194
811112060176 223 1541162839206

811112060158 261 1541162839205
811112060176 224 1541162839217

811112060158 262 1541162839216
811112060176 225 1541162839228

811112060158 263 1541162839227
811112060176 226 1541162839239

811112060158 264 1541162839239
811112060176 227 1541162839250

811112060158 265 1541162839250
811112060176 228 1541162839261

811112060158 266 1541162839261
811112060176 229 1541162839271

811112060158 267 1541162839271
811112060176 230 1541162839282

811112060158 268 1541162839282
811112060176 231 1541162839293

811112060158 269 1541162839293
811112060176 232 1541162839306

811112060158 270 1541162839306
811112060176 233 1541162839317

811112060158 271 1541162839317
811112060176 234 1541162839328

811112060158 272 1541162839328
811112060176 235 1541162839339

811112060158 273 1541162839339
811112060176 236 1541162839350

811112060158 274 1541162839350
811112060176 237 1541162839361

811112060158 275 1541162839361
811112060176 238 1541162839371

811112060158 276 1541162839371
811112060176 239 1541162839383

811112060158 277 1541162839382
811112060176 240 1541162839393

811112060158 278 1541162839393
811112060176 241 1541162839405

811112060158 279 1541162839405
811112060176 242 1541162839416

811112060158 280 1541162839416
811112060176 243 1541162839428

811112060158 281 1541162839428
811112060176 244 1541162839439

811112060158 282 1541162839439
811112060176 245 1541162839450

811112060158 283 1541162839450
811112060176 246 1541162839461

811112060158 284 1541162839461
811112060176 247 1541162839472

811112060158 285 1541162839472
811112060176 248 1541162839482

811112060158 286 1541162839483
811112060176 249 1541162839493

811112060158 287 1541162839493
811112060176 250 1541162839505

811112060158 288 1541162839505
811112060176 251 1541162839516

811112060158 289 1541162839516
811112060176 252 1541162839528

811112060158 290 1541162839528
811112060176 253 1541162839539

811112060158 291 1541162839539
811112060176 254 1541162839550

811112060158 292 1541162839550
811112060176 255 1541162839561